<?xml version="1.0" encoding="UTF-8"?>
<testng-results skipped="0" failed="0" ignored="0" total="1" passed="1">
  <reporter-output>
  </reporter-output>
  <suite name="Default suite" duration-ms="17122" started-at="2020-07-11T18:31:51Z" finished-at="2020-07-11T18:32:08Z">
    <groups>
    </groups>
    <test name="Default test" duration-ms="17122" started-at="2020-07-11T18:31:51Z" finished-at="2020-07-11T18:32:08Z">
      <class name="test.NewDepositTest">
        <test-method status="PASS" signature="validUserShouldBeAbleToAddNewDeposit()[pri:0, instance:test.NewDepositTest@100fc185]" name="validUserShouldBeAbleToAddNewDeposit" duration-ms="17083" started-at="2020-07-11T13:31:51Z" finished-at="2020-07-11T13:32:08Z">
          <reporter-output>
          </reporter-output>
        </test-method> <!-- validUserShouldBeAbleToAddNewDeposit -->
      </class> <!-- test.NewDepositTest -->
    </test> <!-- Default test -->
  </suite> <!-- Default suite -->
</testng-results>
